[2023-05-20 17:14:44 +0900] [10182] [INFO] Starting gunicorn 20.1.0
[2023-05-20 17:14:44 +0900] [10182] [INFO] Listening at: http://0.0.0.0:8000 (10182)
[2023-05-20 17:14:44 +0900] [10182] [INFO] Using worker: sync
[2023-05-20 17:14:44 +0900] [10183] [INFO] Booting worker with pid: 10183
Not Found: /
Not Found: /mgmt/shared/authn/login
Not Found: /tmui/login.jsp
Not Found: /mgmt/shared/authn/login
Not Found: /
Not Found: /favicon.ico
Not Found: /
Not Found: /
Not Found: /
Not Found: /
Not Found: /
Not Found: /
Not Found: /
Not Found: /
Not Found: /
Not Found: /
Not Found: /kRvzXGKw
Not Found: /
Not Found: /
Not Found: /SDQzxGBFkozI
Not Found: /
Not Found: /.env
Not Found: /
Not Found: /
Not Found: /
Not Found: /favicon.ico
Not Found: /
Not Found: /favicon.ico
Not Found: /favicon.ico
Not Found: /
Not Found: /
Not Found: /
Not Found: /
Not Found: /
Not Found: /
Not Found: /
Not Found: /
Not Found: /favicon.ico
Not Found: /
Not Found: /favicon.ico
Not Found: /
Not Found: /favicon.ico
Not Found: /
Not Found: /favicon.ico
Not Found: /
Not Found: /favicon.ico
Not Found: /favicon.ico
Not Found: /robots.txt
Not Found: /
Not Found: /
Not Found: /ping.js
Not Found: /
[2023-05-20 21:08:38 +0900] [10182] [CRITICAL] WORKER TIMEOUT (pid:10183)
[2023-05-20 21:08:38 +0900] [10183] [INFO] Worker exiting (pid: 10183)
[2023-05-20 21:08:38 +0900] [17752] [INFO] Booting worker with pid: 17752
Not Found: /dns-query
Not Found: /
Not Found: /geoserver/web/
Not Found: /.git/config
Not Found: /
Not Found: /
Not Found: /
Not Found: /
Not Found: /
Not Found: /
Not Found: /
Not Found: /
Not Found: /
Not Found: /
Not Found: /
Not Found: /favicon.ico
Not Found: /
Not Found: /favicon.ico
Not Found: /
Not Found: /favicon.ico
Not Found: /.env
Not Found: /
Not Found: /actuator/health
Not Found: /
Not Found: /
Not Found: /
Not Found: /
Not Found: /ping.js
Not Found: /
Not Found: /
Not Found: /
Not Found: /
Not Found: /*
Not Found: /
Not Found: /
Not Found: /
Not Found: /robots.txt
Not Found: /
Not Found: /
Not Found: /
Not Found: /
Not Found: /
Not Found: /wp-includes/wlwmanifest.xml
Not Found: /xmlrpc.php
Not Found: /
Not Found: /blog/wp-includes/wlwmanifest.xml
Not Found: /web/wp-includes/wlwmanifest.xml
Not Found: /wordpress/wp-includes/wlwmanifest.xml
Not Found: /website/wp-includes/wlwmanifest.xml
Not Found: /wp/wp-includes/wlwmanifest.xml
Not Found: /news/wp-includes/wlwmanifest.xml
Not Found: /2018/wp-includes/wlwmanifest.xml
Not Found: /2019/wp-includes/wlwmanifest.xml
Not Found: /shop/wp-includes/wlwmanifest.xml
Not Found: /wp1/wp-includes/wlwmanifest.xml
Not Found: /test/wp-includes/wlwmanifest.xml
Not Found: /media/wp-includes/wlwmanifest.xml
Not Found: /wp2/wp-includes/wlwmanifest.xml
Not Found: /site/wp-includes/wlwmanifest.xml
Not Found: /cms/wp-includes/wlwmanifest.xml
Not Found: /sito/wp-includes/wlwmanifest.xml
Not Found: /
Not Found: /favicon.ico
Not Found: /
Not Found: /
Not Found: /robots.txt
Not Found: /
Not Found: /
Not Found: /
Not Found: /
Not Found: /.well-known/security.txt
Not Found: /security.txt
Not Found: /hello-world/
Not Found: /ping.js
Not Found: /
Not Found: /wp-includes/wlwmanifest.xml
Not Found: /xmlrpc.php
Not Found: /
Not Found: /blog/wp-includes/wlwmanifest.xml
Not Found: /web/wp-includes/wlwmanifest.xml
Not Found: /wordpress/wp-includes/wlwmanifest.xml
Not Found: /website/wp-includes/wlwmanifest.xml
Not Found: /wp/wp-includes/wlwmanifest.xml
Not Found: /news/wp-includes/wlwmanifest.xml
Not Found: /2018/wp-includes/wlwmanifest.xml
Not Found: /2019/wp-includes/wlwmanifest.xml
Not Found: /shop/wp-includes/wlwmanifest.xml
Not Found: /wp1/wp-includes/wlwmanifest.xml
Not Found: /test/wp-includes/wlwmanifest.xml
Not Found: /media/wp-includes/wlwmanifest.xml
Not Found: /wp2/wp-includes/wlwmanifest.xml
Not Found: /site/wp-includes/wlwmanifest.xml
Not Found: /cms/wp-includes/wlwmanifest.xml
Not Found: /sito/wp-includes/wlwmanifest.xml
Not Found: /
Not Found: /api/islogged
Not Found: /
Not Found: /
Not Found: /favicon.ico
Not Found: /
Not Found: /favicon.ico
Not Found: /favicon.ico
Not Found: /
Not Found: /
Not Found: /
Not Found: /favicon.ico
Not Found: /
Not Found: /
Not Found: /
Not Found: /
Not Found: /
Not Found: /443
Not Found: /
Not Found: /
Not Found: /
Not Found: /
Not Found: /
Not Found: /
Not Found: /
Not Found: /
Not Found: /dns-query
Not Found: /
Not Found: /geoserver/web/
Not Found: /.git/config
Not Found: /
Not Found: /
Not Found: /robots.txt
Not Found: /
Not Found: /autodiscover/autodiscover.json
Not Found: /aaa9
Not Found: /
Not Found: /
Not Found: /
Not Found: /
[2023-05-21 12:48:43 +0900] [10182] [CRITICAL] WORKER TIMEOUT (pid:17752)
[2023-05-21 12:48:43 +0900] [17752] [INFO] Worker exiting (pid: 17752)
[2023-05-21 12:48:43 +0900] [46648] [INFO] Booting worker with pid: 46648
Not Found: /
Not Found: /ping.js
Not Found: /robots.txt
Not Found: /
Not Found: /
Not Found: /
Not Found: /
Not Found: /
Not Found: /
Not Found: /
Not Found: /
Not Found: /
Not Found: /
Not Found: /
Not Found: /
Not Found: /
Not Found: /
Not Found: /
Not Found: /
Not Found: /
Not Found: /
Not Found: /
Not Found: /favicon.ico
Not Found: /favicon.ico
Not Found: /
Not Found: /
Not Found: /
Not Found: /
Not Found: /
Not Found: /
Not Found: /Public/home/js/check.js
Not Found: /Public/home/js/check.js
Not Found: /Public/home/js/check.js
Not Found: /Public/home/js/check.js
Not Found: /
Not Found: /
Not Found: /
Not Found: /wp-includes/ID3/license.txt
Not Found: /feed/
Not Found: /xmlrpc.php
Not Found: /blog/wp-includes/wlwmanifest.xml
Not Found: /web/wp-includes/wlwmanifest.xml
Not Found: /wordpress/wp-includes/wlwmanifest.xml
Not Found: /wp/wp-includes/wlwmanifest.xml
Not Found: /2020/wp-includes/wlwmanifest.xml
Not Found: /2019/wp-includes/wlwmanifest.xml
Not Found: /2021/wp-includes/wlwmanifest.xml
Not Found: /shop/wp-includes/wlwmanifest.xml
Not Found: /wp1/wp-includes/wlwmanifest.xml
Not Found: /test/wp-includes/wlwmanifest.xml
Not Found: /site/wp-includes/wlwmanifest.xml
Not Found: /cms/wp-includes/wlwmanifest.xml
Not Found: /
Not Found: /
Not Found: /
Not Found: /
Not Found: /
Not Found: /
Not Found: /
Not Found: /
Not Found: /
Not Found: /
Not Found: /favicon.ico
Not Found: /robots.txt
Not Found: /favicon.ico
Not Found: /sitemap.xml
Not Found: /sitemap.xml
Not Found: /robots.txt
Not Found: /wp-login.php
Not Found: /
Not Found: /
Not Found: /
Not Found: /
Not Found: /
Not Found: /
Not Found: /favicon.ico
Not Found: /
Not Found: /ab2g
Not Found: /ab2h
Not Found: /
Not Found: /t4
Not Found: /favicon.ico
Not Found: /wp-includes/wlwmanifest.xml
Not Found: /administrator/index.php
Not Found: /view-source:
Not Found: /misc/ajax.js
Not Found: /wp-includes/wlwmanifest.xml
Not Found: /administrator/index.php
Not Found: /view-source:
Not Found: /misc/ajax.js
Not Found: /
Not Found: /
Not Found: /
Not Found: /robots.txt
Not Found: /favicon.ico
Not Found: /
Not Found: /
Not Found: /
Not Found: /
Not Found: /
Not Found: /favicon.ico
Not Found: /sitemap.xml
Not Found: /robots.txt
Not Found: /favicon.ico
Not Found: /robots.txt
Not Found: /sitemap.xml
Not Found: /
Not Found: /favicon.ico
Not Found: /robots.txt
Not Found: /sitemap.xml
Not Found: /
